{"/Users/liangyali/dev/node/li-wechat/lib/template.js":{"path":"/Users/liangyali/dev/node/li-wechat/lib/template.js","s":{"1":1,"2":1,"3":1,"4":1,"5":4,"6":1,"7":3,"8":3,"9":18,"10":18,"11":18,"12":3,"13":1,"14":25,"15":1,"16":19,"17":19,"18":1,"19":18,"20":1},"b":{"1":[1,3],"2":[1,18]},"f":{"1":4,"2":18,"3":25,"4":19},"fnMap":{"1":{"name":"Template","line":6,"loc":{"start":{"line":6,"column":0},"end":{"line":6,"column":20}}},"2":{"name":"(anonymous_2)","line":13,"loc":{"start":{"line":13,"column":65},"end":{"line":13,"column":81}}},"3":{"name":"(anonymous_3)","line":22,"loc":{"start":{"line":22,"column":25},"end":{"line":22,"column":41}}},"4":{"name":"(anonymous_4)","line":26,"loc":{"start":{"line":26,"column":27},"end":{"line":26,"column":49}}}},"statementMap":{"1":{"start":{"line":1,"column":0},"end":{"line":1,"column":13}},"2":{"start":{"line":3,"column":0},"end":{"line":3,"column":23}},"3":{"start":{"line":4,"column":0},"end":{"line":4,"column":25}},"4":{"start":{"line":6,"column":0},"end":{"line":20,"column":1}},"5":{"start":{"line":8,"column":4},"end":{"line":10,"column":5}},"6":{"start":{"line":9,"column":8},"end":{"line":9,"column":30}},"7":{"start":{"line":12,"column":4},"end":{"line":12,"column":23}},"8":{"start":{"line":13,"column":4},"end":{"line":17,"column":7}},"9":{"start":{"line":14,"column":8},"end":{"line":14,"column":61}},"10":{"start":{"line":15,"column":8},"end":{"line":15,"column":49}},"11":{"start":{"line":16,"column":8},"end":{"line":16,"column":43}},"12":{"start":{"line":19,"column":4},"end":{"line":19,"column":31}},"13":{"start":{"line":22,"column":0},"end":{"line":24,"column":2}},"14":{"start":{"line":23,"column":4},"end":{"line":23,"column":32}},"15":{"start":{"line":26,"column":0},"end":{"line":33,"column":2}},"16":{"start":{"line":27,"column":4},"end":{"line":27,"column":37}},"17":{"start":{"line":29,"column":4},"end":{"line":31,"column":5}},"18":{"start":{"line":30,"column":8},"end":{"line":30,"column":62}},"19":{"start":{"line":32,"column":4},"end":{"line":32,"column":29}},"20":{"start":{"line":35,"column":0},"end":{"line":35,"column":26}}},"branchMap":{"1":{"line":8,"type":"if","locations":[{"start":{"line":8,"column":4},"end":{"line":8,"column":4}},{"start":{"line":8,"column":4},"end":{"line":8,"column":4}}]},"2":{"line":29,"type":"if","locations":[{"start":{"line":29,"column":4},"end":{"line":29,"column":4}},{"start":{"line":29,"column":4},"end":{"line":29,"column":4}}]}}},"/Users/liangyali/dev/node/li-wechat/lib/wechat.js":{"path":"/Users/liangyali/dev/node/li-wechat/lib/wechat.js","s":{"1":1,"2":1,"3":1,"4":1,"5":1,"6":1,"7":1,"8":1,"9":2,"10":1,"11":1,"12":1,"13":1,"14":1,"15":3,"16":3,"17":3,"18":3,"19":3,"20":3,"21":3,"22":3,"23":3,"24":3,"25":1,"26":10,"27":10,"28":10,"29":10,"30":10,"31":10,"32":10,"33":10,"34":10,"35":10,"36":10,"37":10,"38":1,"39":1,"40":1,"41":1,"42":9,"43":9,"44":41,"45":9,"46":9,"47":9,"48":1,"49":9,"50":9,"51":9,"52":9,"53":1,"54":1,"55":1,"56":8,"57":8,"58":8,"59":1},"b":{"1":[1,1],"2":[1,0],"3":[3,0],"4":[3,1],"5":[3,1],"6":[3,1],"7":[3,3],"8":[1,9],"9":[1,8],"10":[1,8]},"f":{"1":2,"2":3,"3":10,"4":10,"5":10,"6":10,"7":41,"8":8},"fnMap":{"1":{"name":"Wechat","line":11,"loc":{"start":{"line":11,"column":0},"end":{"line":11,"column":23}}},"2":{"name":"(anonymous_2)","line":31,"loc":{"start":{"line":31,"column":34},"end":{"line":31,"column":56}}},"3":{"name":"(anonymous_3)","line":59,"loc":{"start":{"line":59,"column":24},"end":{"line":59,"column":44}}},"4":{"name":"(anonymous_4)","line":66,"loc":{"start":{"line":66,"column":19},"end":{"line":66,"column":36}}},"5":{"name":"(anonymous_5)","line":73,"loc":{"start":{"line":73,"column":18},"end":{"line":73,"column":30}}},"6":{"name":"(anonymous_6)","line":77,"loc":{"start":{"line":77,"column":39},"end":{"line":77,"column":62}}},"7":{"name":"(anonymous_7)","line":89,"loc":{"start":{"line":89,"column":44},"end":{"line":89,"column":59}}},"8":{"name":"(anonymous_8)","line":120,"loc":{"start":{"line":120,"column":32},"end":{"line":120,"column":68}}}},"statementMap":{"1":{"start":{"line":3,"column":0},"end":{"line":3,"column":27}},"2":{"start":{"line":4,"column":0},"end":{"line":4,"column":31}},"3":{"start":{"line":5,"column":0},"end":{"line":5,"column":27}},"4":{"start":{"line":6,"column":0},"end":{"line":6,"column":31}},"5":{"start":{"line":7,"column":0},"end":{"line":7,"column":39}},"6":{"start":{"line":8,"column":0},"end":{"line":8,"column":38}},"7":{"start":{"line":9,"column":0},"end":{"line":9,"column":42}},"8":{"start":{"line":11,"column":0},"end":{"line":20,"column":1}},"9":{"start":{"line":13,"column":4},"end":{"line":15,"column":5}},"10":{"start":{"line":14,"column":8},"end":{"line":14,"column":33}},"11":{"start":{"line":17,"column":4},"end":{"line":17,"column":29}},"12":{"start":{"line":19,"column":4},"end":{"line":19,"column":35}},"13":{"start":{"line":22,"column":0},"end":{"line":22,"column":43}},"14":{"start":{"line":31,"column":0},"end":{"line":48,"column":2}},"15":{"start":{"line":33,"column":4},"end":{"line":33,"column":79}},"16":{"start":{"line":35,"column":4},"end":{"line":35,"column":32}},"17":{"start":{"line":36,"column":4},"end":{"line":36,"column":46}},"18":{"start":{"line":37,"column":4},"end":{"line":37,"column":46}},"19":{"start":{"line":38,"column":4},"end":{"line":38,"column":37}},"20":{"start":{"line":40,"column":4},"end":{"line":40,"column":53}},"21":{"start":{"line":41,"column":4},"end":{"line":41,"column":15}},"22":{"start":{"line":43,"column":4},"end":{"line":43,"column":33}},"23":{"start":{"line":45,"column":4},"end":{"line":45,"column":57}},"24":{"start":{"line":47,"column":4},"end":{"line":47,"column":29}},"25":{"start":{"line":59,"column":0},"end":{"line":112,"column":2}},"26":{"start":{"line":61,"column":4},"end":{"line":61,"column":20}},"27":{"start":{"line":62,"column":4},"end":{"line":62,"column":17}},"28":{"start":{"line":64,"column":4},"end":{"line":64,"column":28}},"29":{"start":{"line":66,"column":4},"end":{"line":69,"column":7}},"30":{"start":{"line":67,"column":8},"end":{"line":67,"column":27}},"31":{"start":{"line":68,"column":8},"end":{"line":68,"column":29}},"32":{"start":{"line":71,"column":4},"end":{"line":71,"column":20}},"33":{"start":{"line":73,"column":4},"end":{"line":111,"column":7}},"34":{"start":{"line":74,"column":8},"end":{"line":74,"column":49}},"35":{"start":{"line":76,"column":8},"end":{"line":76,"column":43}},"36":{"start":{"line":77,"column":8},"end":{"line":110,"column":11}},"37":{"start":{"line":79,"column":12},"end":{"line":84,"column":13}},"38":{"start":{"line":80,"column":16},"end":{"line":80,"column":77}},"39":{"start":{"line":81,"column":16},"end":{"line":81,"column":70}},"40":{"start":{"line":82,"column":16},"end":{"line":82,"column":68}},"41":{"start":{"line":83,"column":16},"end":{"line":83,"column":23}},"42":{"start":{"line":87,"column":12},"end":{"line":87,"column":29}},"43":{"start":{"line":89,"column":12},"end":{"line":91,"column":15}},"44":{"start":{"line":90,"column":16},"end":{"line":90,"column":50}},"45":{"start":{"line":93,"column":12},"end":{"line":93,"column":63}},"46":{"start":{"line":96,"column":12},"end":{"line":96,"column":60}},"47":{"start":{"line":97,"column":12},"end":{"line":99,"column":13}},"48":{"start":{"line":98,"column":16},"end":{"line":98,"column":65}},"49":{"start":{"line":101,"column":12},"end":{"line":101,"column":47}},"50":{"start":{"line":102,"column":12},"end":{"line":102,"column":94}},"51":{"start":{"line":103,"column":12},"end":{"line":103,"column":42}},"52":{"start":{"line":106,"column":12},"end":{"line":109,"column":13}},"53":{"start":{"line":107,"column":16},"end":{"line":107,"column":93}},"54":{"start":{"line":108,"column":16},"end":{"line":108,"column":26}},"55":{"start":{"line":120,"column":0},"end":{"line":124,"column":2}},"56":{"start":{"line":121,"column":4},"end":{"line":121,"column":61}},"57":{"start":{"line":122,"column":4},"end":{"line":122,"column":76}},"58":{"start":{"line":123,"column":4},"end":{"line":123,"column":79}},"59":{"start":{"line":126,"column":0},"end":{"line":126,"column":34}}},"branchMap":{"1":{"line":13,"type":"if","locations":[{"start":{"line":13,"column":4},"end":{"line":13,"column":4}},{"start":{"line":13,"column":4},"end":{"line":13,"column":4}}]},"2":{"line":17,"type":"binary-expr","locations":[{"start":{"line":17,"column":17},"end":{"line":17,"column":22}},{"start":{"line":17,"column":26},"end":{"line":17,"column":28}}]},"3":{"line":35,"type":"binary-expr","locations":[{"start":{"line":35,"column":16},"end":{"line":35,"column":25}},{"start":{"line":35,"column":29},"end":{"line":35,"column":31}}]},"4":{"line":36,"type":"binary-expr","locations":[{"start":{"line":36,"column":20},"end":{"line":36,"column":39}},{"start":{"line":36,"column":43},"end":{"line":36,"column":45}}]},"5":{"line":37,"type":"binary-expr","locations":[{"start":{"line":37,"column":20},"end":{"line":37,"column":39}},{"start":{"line":37,"column":43},"end":{"line":37,"column":45}}]},"6":{"line":38,"type":"binary-expr","locations":[{"start":{"line":38,"column":15},"end":{"line":38,"column":30}},{"start":{"line":38,"column":34},"end":{"line":38,"column":36}}]},"7":{"line":40,"type":"binary-expr","locations":[{"start":{"line":40,"column":15},"end":{"line":40,"column":20}},{"start":{"line":40,"column":24},"end":{"line":40,"column":34}}]},"8":{"line":79,"type":"if","locations":[{"start":{"line":79,"column":12},"end":{"line":79,"column":12}},{"start":{"line":79,"column":12},"end":{"line":79,"column":12}}]},"9":{"line":97,"type":"if","locations":[{"start":{"line":97,"column":12},"end":{"line":97,"column":12}},{"start":{"line":97,"column":12},"end":{"line":97,"column":12}}]},"10":{"line":106,"type":"if","locations":[{"start":{"line":106,"column":12},"end":{"line":106,"column":12}},{"start":{"line":106,"column":12},"end":{"line":106,"column":12}}]}}},"/Users/liangyali/dev/node/li-wechat/lib/session.js":{"path":"/Users/liangyali/dev/node/li-wechat/lib/session.js","s":{"1":1,"2":9,"3":9,"4":9,"5":9,"6":1,"7":8,"8":8,"9":8,"10":8,"11":1,"12":2,"13":1,"14":2,"15":2,"16":1,"17":1,"18":1,"19":1,"20":1,"21":1,"22":1,"23":1,"24":1},"b":{"1":[2,0],"2":[2,0],"3":[1,0],"4":[1,0],"5":[1,0],"6":[1,0],"7":[1,0],"8":[1,0],"9":[1,0],"10":[1,0],"11":[1,0],"12":[1,0],"13":[1,0]},"f":{"1":9,"2":8,"3":2,"4":2,"5":1,"6":1,"7":1,"8":1},"fnMap":{"1":{"name":"Session","line":3,"loc":{"start":{"line":3,"column":0},"end":{"line":3,"column":53}}},"2":{"name":"(anonymous_2)","line":14,"loc":{"start":{"line":14,"column":33},"end":{"line":14,"column":60}}},"3":{"name":"(anonymous_3)","line":25,"loc":{"start":{"line":25,"column":37},"end":{"line":25,"column":56}}},"4":{"name":"(anonymous_4)","line":43,"loc":{"start":{"line":43,"column":36},"end":{"line":43,"column":56}}},"5":{"name":"(anonymous_5)","line":58,"loc":{"start":{"line":58,"column":38},"end":{"line":58,"column":57}}},"6":{"name":"(anonymous_6)","line":69,"loc":{"start":{"line":69,"column":38},"end":{"line":69,"column":57}}},"7":{"name":"(anonymous_7)","line":86,"loc":{"start":{"line":86,"column":38},"end":{"line":86,"column":55}}},"8":{"name":"(anonymous_8)","line":107,"loc":{"start":{"line":107,"column":38},"end":{"line":107,"column":55}}}},"statementMap":{"1":{"start":{"line":3,"column":0},"end":{"line":8,"column":1}},"2":{"start":{"line":4,"column":4},"end":{"line":4,"column":19}},"3":{"start":{"line":5,"column":4},"end":{"line":5,"column":19}},"4":{"start":{"line":6,"column":4},"end":{"line":6,"column":43}},"5":{"start":{"line":7,"column":4},"end":{"line":7,"column":26}},"6":{"start":{"line":14,"column":0},"end":{"line":19,"column":2}},"7":{"start":{"line":15,"column":4},"end":{"line":15,"column":67}},"8":{"start":{"line":16,"column":4},"end":{"line":16,"column":67}},"9":{"start":{"line":17,"column":4},"end":{"line":17,"column":44}},"10":{"start":{"line":18,"column":4},"end":{"line":18,"column":52}},"11":{"start":{"line":25,"column":0},"end":{"line":30,"column":2}},"12":{"start":{"line":26,"column":4},"end":{"line":29,"column":7}},"13":{"start":{"line":43,"column":0},"end":{"line":51,"column":2}},"14":{"start":{"line":44,"column":4},"end":{"line":44,"column":30}},"15":{"start":{"line":46,"column":4},"end":{"line":50,"column":7}},"16":{"start":{"line":58,"column":0},"end":{"line":63,"column":2}},"17":{"start":{"line":59,"column":4},"end":{"line":62,"column":7}},"18":{"start":{"line":69,"column":0},"end":{"line":74,"column":2}},"19":{"start":{"line":70,"column":4},"end":{"line":73,"column":7}},"20":{"start":{"line":86,"column":0},"end":{"line":94,"column":2}},"21":{"start":{"line":87,"column":4},"end":{"line":93,"column":7}},"22":{"start":{"line":107,"column":0},"end":{"line":116,"column":2}},"23":{"start":{"line":108,"column":4},"end":{"line":115,"column":7}},"24":{"start":{"line":118,"column":0},"end":{"line":118,"column":25}}},"branchMap":{"1":{"line":28,"type":"binary-expr","locations":[{"start":{"line":28,"column":17},"end":{"line":28,"column":24}},{"start":{"line":28,"column":28},"end":{"line":28,"column":30}}]},"2":{"line":44,"type":"binary-expr","locations":[{"start":{"line":44,"column":15},"end":{"line":44,"column":23}},{"start":{"line":44,"column":27},"end":{"line":44,"column":29}}]},"3":{"line":61,"type":"binary-expr","locations":[{"start":{"line":61,"column":17},"end":{"line":61,"column":24}},{"start":{"line":61,"column":28},"end":{"line":61,"column":30}}]},"4":{"line":72,"type":"binary-expr","locations":[{"start":{"line":72,"column":17},"end":{"line":72,"column":24}},{"start":{"line":72,"column":28},"end":{"line":72,"column":30}}]},"5":{"line":89,"type":"binary-expr","locations":[{"start":{"line":89,"column":17},"end":{"line":89,"column":30}},{"start":{"line":89,"column":34},"end":{"line":89,"column":36}}]},"6":{"line":90,"type":"binary-expr","locations":[{"start":{"line":90,"column":15},"end":{"line":90,"column":26}},{"start":{"line":90,"column":30},"end":{"line":90,"column":32}}]},"7":{"line":91,"type":"binary-expr","locations":[{"start":{"line":91,"column":21},"end":{"line":91,"column":38}},{"start":{"line":91,"column":42},"end":{"line":91,"column":44}}]},"8":{"line":92,"type":"binary-expr","locations":[{"start":{"line":92,"column":22},"end":{"line":92,"column":40}},{"start":{"line":92,"column":44},"end":{"line":92,"column":46}}]},"9":{"line":110,"type":"binary-expr","locations":[{"start":{"line":110,"column":15},"end":{"line":110,"column":26}},{"start":{"line":110,"column":30},"end":{"line":110,"column":32}}]},"10":{"line":111,"type":"binary-expr","locations":[{"start":{"line":111,"column":21},"end":{"line":111,"column":38}},{"start":{"line":111,"column":42},"end":{"line":111,"column":44}}]},"11":{"line":112,"type":"binary-expr","locations":[{"start":{"line":112,"column":18},"end":{"line":112,"column":32}},{"start":{"line":112,"column":36},"end":{"line":112,"column":38}}]},"12":{"line":113,"type":"binary-expr","locations":[{"start":{"line":113,"column":20},"end":{"line":113,"column":36}},{"start":{"line":113,"column":40},"end":{"line":113,"column":42}}]},"13":{"line":114,"type":"binary-expr","locations":[{"start":{"line":114,"column":22},"end":{"line":114,"column":40}},{"start":{"line":114,"column":44},"end":{"line":114,"column":46}}]}}}}