TN:
SF:/Users/liangyali/dev/node/li-wechat/lib/template.js
FN:6,Template
FN:13,(anonymous_2)
FN:22,(anonymous_3)
FN:26,(anonymous_4)
FNF:4
FNH:4
FNDA:4,Template
FNDA:18,(anonymous_2)
FNDA:25,(anonymous_3)
FNDA:19,(anonymous_4)
DA:1,1
DA:3,1
DA:4,1
DA:6,1
DA:8,4
DA:9,1
DA:12,3
DA:13,3
DA:14,18
DA:15,18
DA:16,18
DA:19,3
DA:22,1
DA:23,25
DA:26,1
DA:27,19
DA:29,19
DA:30,1
DA:32,18
DA:35,1
LF:20
LH:20
BRDA:8,1,0,1
BRDA:8,1,1,3
BRDA:29,2,0,1
BRDA:29,2,1,18
BRF:4
BRH:4
end_of_record
TN:
SF:/Users/liangyali/dev/node/li-wechat/lib/wechat.js
FN:11,Wechat
FN:31,(anonymous_2)
FN:59,(anonymous_3)
FN:66,(anonymous_4)
FN:73,(anonymous_5)
FN:77,(anonymous_6)
FN:89,(anonymous_7)
FN:120,(anonymous_8)
FNF:8
FNH:8
FNDA:2,Wechat
FNDA:3,(anonymous_2)
FNDA:10,(anonymous_3)
FNDA:10,(anonymous_4)
FNDA:10,(anonymous_5)
FNDA:10,(anonymous_6)
FNDA:41,(anonymous_7)
FNDA:8,(anonymous_8)
DA:3,1
DA:4,1
DA:5,1
DA:6,1
DA:7,1
DA:8,1
DA:9,1
DA:11,1
DA:13,2
DA:14,1
DA:17,1
DA:19,1
DA:22,1
DA:31,1
DA:33,3
DA:35,3
DA:36,3
DA:37,3
DA:38,3
DA:40,3
DA:41,3
DA:43,3
DA:45,3
DA:47,3
DA:59,1
DA:61,10
DA:62,10
DA:64,10
DA:66,10
DA:67,10
DA:68,10
DA:71,10
DA:73,10
DA:74,10
DA:76,10
DA:77,10
DA:79,10
DA:80,1
DA:81,1
DA:82,1
DA:83,1
DA:87,9
DA:89,9
DA:90,41
DA:93,9
DA:96,9
DA:97,9
DA:98,1
DA:101,9
DA:102,9
DA:103,9
DA:106,9
DA:107,1
DA:108,1
DA:120,1
DA:121,8
DA:122,8
DA:123,8
DA:126,1
LF:59
LH:59
BRDA:13,1,0,1
BRDA:13,1,1,1
BRDA:17,2,0,1
BRDA:17,2,1,0
BRDA:35,3,0,3
BRDA:35,3,1,0
BRDA:36,4,0,3
BRDA:36,4,1,1
BRDA:37,5,0,3
BRDA:37,5,1,1
BRDA:38,6,0,3
BRDA:38,6,1,1
BRDA:40,7,0,3
BRDA:40,7,1,3
BRDA:79,8,0,1
BRDA:79,8,1,9
BRDA:97,9,0,1
BRDA:97,9,1,8
BRDA:106,10,0,1
BRDA:106,10,1,8
BRF:20
BRH:18
end_of_record
TN:
SF:/Users/liangyali/dev/node/li-wechat/lib/session.js
FN:3,Session
FN:14,(anonymous_2)
FN:25,(anonymous_3)
FN:43,(anonymous_4)
FN:58,(anonymous_5)
FN:69,(anonymous_6)
FN:86,(anonymous_7)
FN:107,(anonymous_8)
FNF:8
FNH:8
FNDA:9,Session
FNDA:8,(anonymous_2)
FNDA:2,(anonymous_3)
FNDA:2,(anonymous_4)
FNDA:1,(anonymous_5)
FNDA:1,(anonymous_6)
FNDA:1,(anonymous_7)
FNDA:1,(anonymous_8)
DA:3,1
DA:4,9
DA:5,9
DA:6,9
DA:7,9
DA:14,1
DA:15,8
DA:16,8
DA:17,8
DA:18,8
DA:25,1
DA:26,2
DA:43,1
DA:44,2
DA:46,2
DA:58,1
DA:59,1
DA:69,1
DA:70,1
DA:86,1
DA:87,1
DA:107,1
DA:108,1
DA:118,1
LF:24
LH:24
BRDA:28,1,0,2
BRDA:28,1,1,0
BRDA:44,2,0,2
BRDA:44,2,1,0
BRDA:61,3,0,1
BRDA:61,3,1,0
BRDA:72,4,0,1
BRDA:72,4,1,0
BRDA:89,5,0,1
BRDA:89,5,1,0
BRDA:90,6,0,1
BRDA:90,6,1,0
BRDA:91,7,0,1
BRDA:91,7,1,0
BRDA:92,8,0,1
BRDA:92,8,1,0
BRDA:110,9,0,1
BRDA:110,9,1,0
BRDA:111,10,0,1
BRDA:111,10,1,0
BRDA:112,11,0,1
BRDA:112,11,1,0
BRDA:113,12,0,1
BRDA:113,12,1,0
BRDA:114,13,0,1
BRDA:114,13,1,0
BRF:26
BRH:13
end_of_record
